<?xml version="1.0" encoding="UTF-8"?>
<!-- Generated by org.testng.reporters.JUnitReportReporter -->
<testsuite hostname="Dellxps" name="WebdriverPro.web.tests.LoginTest" tests="1" failures="0" timestamp="2 Aug 2015 18:05:34 GMT" time="220.573" errors="0">
  <testcase name="ldwada" time="220.573" classname="WebdriverPro.web.tests.LoginTest"/>
</testsuite> <!-- WebdriverPro.web.tests.LoginTest -->
